Jan 25 20:17 : state_file: Unrecognized line in state file: ## Copyright (C) 2020-2022 Aditya Shakya <adi1090x@gmail.com>
Jan 25 20:17 : state_file: Unrecognized line in state file:
Jan 25 20:20 : player: played "NEFFEX - Grateful [Copyright Free].mp3"
Jan 27 19:38 : exception: Failed to decode /home/david/Music/NEFFEX - Grateful [Copyright Free].mp3; Failed to open '/home/david/Music/NEFFEX - Grateful [Copyright Free].mp3': No such file or directory
Jan 27 19:38 : player: played "NEFFEX - Grateful [Copyright Free].mp3"
Jan 27 19:38 : exception: Failed to decode /home/david/Music/Cartoon - On & On (feat. Daniel Levi) [NCS Release].mp3; Failed to open '/home/david/Music/Cartoon - On & On (feat. Daniel Levi) [NCS Release].mp3': No such file or directory
Jan 27 19:38 : player: played "Cartoon - On & On (feat. Daniel Levi) [NCS Release].mp3"
Jan 27 19:38 : exception: Failed to decode /home/david/Music/Culture Code - Make Me Move (feat. Karra) [NCS Release].mp3; Failed to open '/home/david/Music/Culture Code - Make Me Move (feat. Karra) [NCS Release].mp3': No such file or directory
Jan 27 19:38 : player: played "Culture Code - Make Me Move (feat. Karra) [NCS Release].mp3"
Jan 27 19:38 : exception: Failed to decode /home/david/Music/Janji - Heroes Tonight (feat. Johnning) [NCS Release].mp3; Failed to open '/home/david/Music/Janji - Heroes Tonight (feat. Johnning) [NCS Release].mp3': No such file or directory
Jan 27 19:38 : player: played "Janji - Heroes Tonight (feat. Johnning) [NCS Release].mp3"
Jan 27 19:38 : exception: Failed to decode /home/david/Music/N3WPORT - Power (feat. braev) [NCS Release].mp3; Failed to open '/home/david/Music/N3WPORT - Power (feat. braev) [NCS Release].mp3': No such file or directory
Jan 27 19:38 : player: played "N3WPORT - Power (feat. braev) [NCS Release].mp3"
Jan 27 20:17 : exception: Failed to decode /home/david/Music/N3WPORT - Power (feat. braev) [NCS Release].mp3; Failed to open '/home/david/Music/N3WPORT - Power (feat. braev) [NCS Release].mp3': No such file or directory
Jan 27 20:17 : player: played "N3WPORT - Power (feat. braev) [NCS Release].mp3"
Jan 27 20:17 : exception: Failed to decode /home/david/Music/N3WPORT - Power (feat. braev) [NCS Release].mp3; Failed to open '/home/david/Music/N3WPORT - Power (feat. braev) [NCS Release].mp3': No such file or directory
Jan 27 20:17 : exception: Failed to decode /home/david/Music/NEFFEX - Grateful [Copyright Free].mp3; Failed to open '/home/david/Music/NEFFEX - Grateful [Copyright Free].mp3': No such file or directory
Jan 27 20:17 : player: played "NEFFEX - Grateful [Copyright Free].mp3"
Jan 27 20:17 : exception: Failed to decode /home/david/Music/Cartoon - On & On (feat. Daniel Levi) [NCS Release].mp3; Failed to open '/home/david/Music/Cartoon - On & On (feat. Daniel Levi) [NCS Release].mp3': No such file or directory
Jan 27 20:17 : player: played "Cartoon - On & On (feat. Daniel Levi) [NCS Release].mp3"
Jan 27 20:17 : exception: Failed to decode /home/david/Music/Culture Code - Make Me Move (feat. Karra) [NCS Release].mp3; Failed to open '/home/david/Music/Culture Code - Make Me Move (feat. Karra) [NCS Release].mp3': No such file or directory
Jan 27 20:17 : player: played "Culture Code - Make Me Move (feat. Karra) [NCS Release].mp3"
Jan 27 20:17 : exception: Failed to decode /home/david/Music/Janji - Heroes Tonight (feat. Johnning) [NCS Release].mp3; Failed to open '/home/david/Music/Janji - Heroes Tonight (feat. Johnning) [NCS Release].mp3': No such file or directory
Jan 27 20:17 : player: played "Janji - Heroes Tonight (feat. Johnning) [NCS Release].mp3"
Jan 27 20:17 : exception: Failed to decode /home/david/Music/N3WPORT - Power (feat. braev) [NCS Release].mp3; Failed to open '/home/david/Music/N3WPORT - Power (feat. braev) [NCS Release].mp3': No such file or directory
Jan 27 20:17 : player: played "N3WPORT - Power (feat. braev) [NCS Release].mp3"
Jan 27 20:17 : exception: Failed to decode /home/david/Music/N3WPORT - Power (feat. braev) [NCS Release].mp3; Failed to open '/home/david/Music/N3WPORT - Power (feat. braev) [NCS Release].mp3': No such file or directory
Jan 27 20:17 : exception: Failed to decode /home/david/Music/NEFFEX - Grateful [Copyright Free].mp3; Failed to open '/home/david/Music/NEFFEX - Grateful [Copyright Free].mp3': No such file or directory
Jan 27 20:17 : player: played "N3WPORT - Power (feat. braev) [NCS Release].mp3"
Jan 27 20:17 : exception: Failed to decode /home/david/Music/NEFFEX - Grateful [Copyright Free].mp3; Failed to open '/home/david/Music/NEFFEX - Grateful [Copyright Free].mp3': No such file or directory
Jan 27 20:17 : exception: Failed to decode /home/david/Music/Cartoon - On & On (feat. Daniel Levi) [NCS Release].mp3; Failed to open '/home/david/Music/Cartoon - On & On (feat. Daniel Levi) [NCS Release].mp3': No such file or directory
Jan 27 20:17 : player: played "NEFFEX - Grateful [Copyright Free].mp3"
Jan 27 20:17 : exception: Failed to decode /home/david/Music/Cartoon - On & On (feat. Daniel Levi) [NCS Release].mp3; Failed to open '/home/david/Music/Cartoon - On & On (feat. Daniel Levi) [NCS Release].mp3': No such file or directory
Jan 27 20:17 : player: played "Cartoon - On & On (feat. Daniel Levi) [NCS Release].mp3"
Jan 27 20:17 : exception: Failed to decode /home/david/Music/Culture Code - Make Me Move (feat. Karra) [NCS Release].mp3; Failed to open '/home/david/Music/Culture Code - Make Me Move (feat. Karra) [NCS Release].mp3': No such file or directory
Jan 27 20:17 : player: played "Culture Code - Make Me Move (feat. Karra) [NCS Release].mp3"
Jan 27 20:17 : exception: Failed to decode /home/david/Music/Janji - Heroes Tonight (feat. Johnning) [NCS Release].mp3; Failed to open '/home/david/Music/Janji - Heroes Tonight (feat. Johnning) [NCS Release].mp3': No such file or directory
Jan 27 20:17 : player: played "Janji - Heroes Tonight (feat. Johnning) [NCS Release].mp3"
Jan 27 20:19 : exception: Failed to decode /home/david/Music/Janji - Heroes Tonight (feat. Johnning) [NCS Release].mp3; Failed to open '/home/david/Music/Janji - Heroes Tonight (feat. Johnning) [NCS Release].mp3': No such file or directory
Jan 27 20:19 : exception: Failed to decode /home/david/Music/N3WPORT - Power (feat. braev) [NCS Release].mp3; Failed to open '/home/david/Music/N3WPORT - Power (feat. braev) [NCS Release].mp3': No such file or directory
Jan 27 20:19 : player: played "Janji - Heroes Tonight (feat. Johnning) [NCS Release].mp3"
Jan 27 20:19 : exception: Failed to decode /home/david/Music/N3WPORT - Power (feat. braev) [NCS Release].mp3; Failed to open '/home/david/Music/N3WPORT - Power (feat. braev) [NCS Release].mp3': No such file or directory
Jan 27 20:19 : player: played "N3WPORT - Power (feat. braev) [NCS Release].mp3"
Jan 27 20:19 : exception: Failed to decode /home/david/Music/NEFFEX - Grateful [Copyright Free].mp3; Failed to open '/home/david/Music/NEFFEX - Grateful [Copyright Free].mp3': No such file or directory
Jan 27 20:19 : player: played "NEFFEX - Grateful [Copyright Free].mp3"
Jan 27 20:19 : exception: Failed to decode /home/david/Music/Cartoon - On & On (feat. Daniel Levi) [NCS Release].mp3; Failed to open '/home/david/Music/Cartoon - On & On (feat. Daniel Levi) [NCS Release].mp3': No such file or directory
Jan 27 20:19 : player: played "Cartoon - On & On (feat. Daniel Levi) [NCS Release].mp3"
Jan 27 20:19 : exception: Failed to decode /home/david/Music/Culture Code - Make Me Move (feat. Karra) [NCS Release].mp3; Failed to open '/home/david/Music/Culture Code - Make Me Move (feat. Karra) [NCS Release].mp3': No such file or directory
Jan 27 20:19 : player: played "Culture Code - Make Me Move (feat. Karra) [NCS Release].mp3"
Jan 27 20:19 : exception: Failed to decode /home/david/Music/Culture Code - Make Me Move (feat. Karra) [NCS Release].mp3; Failed to open '/home/david/Music/Culture Code - Make Me Move (feat. Karra) [NCS Release].mp3': No such file or directory
Jan 27 20:19 : player: played "Culture Code - Make Me Move (feat. Karra) [NCS Release].mp3"
Jan 27 20:19 : exception: Failed to decode /home/david/Music/Janji - Heroes Tonight (feat. Johnning) [NCS Release].mp3; Failed to open '/home/david/Music/Janji - Heroes Tonight (feat. Johnning) [NCS Release].mp3': No such file or directory
Jan 27 20:19 : player: played "Janji - Heroes Tonight (feat. Johnning) [NCS Release].mp3"
Jan 27 20:19 : exception: Failed to decode /home/david/Music/N3WPORT - Power (feat. braev) [NCS Release].mp3; Failed to open '/home/david/Music/N3WPORT - Power (feat. braev) [NCS Release].mp3': No such file or directory
Jan 27 20:19 : player: played "N3WPORT - Power (feat. braev) [NCS Release].mp3"
Jan 27 20:19 : exception: Failed to decode /home/david/Music/NEFFEX - Grateful [Copyright Free].mp3; Failed to open '/home/david/Music/NEFFEX - Grateful [Copyright Free].mp3': No such file or directory
Jan 27 20:19 : player: played "NEFFEX - Grateful [Copyright Free].mp3"
Jan 27 20:19 : exception: Failed to decode /home/david/Music/Cartoon - On & On (feat. Daniel Levi) [NCS Release].mp3; Failed to open '/home/david/Music/Cartoon - On & On (feat. Daniel Levi) [NCS Release].mp3': No such file or directory
Jan 27 20:19 : player: played "Cartoon - On & On (feat. Daniel Levi) [NCS Release].mp3"
Jan 27 20:19 : exception: Failed to decode /home/david/Music/Culture Code - Make Me Move (feat. Karra) [NCS Release].mp3; Failed to open '/home/david/Music/Culture Code - Make Me Move (feat. Karra) [NCS Release].mp3': No such file or directory
Jan 27 20:19 : player: played "Culture Code - Make Me Move (feat. Karra) [NCS Release].mp3"
Jan 27 20:30 : update: removing NEFFEX - Grateful [Copyright Free].mp3
Jan 27 20:30 : update: removing N3WPORT - Power (feat. braev) [NCS Release].mp3
Jan 27 20:30 : update: removing Janji - Heroes Tonight (feat. Johnning) [NCS Release].mp3
Jan 27 20:30 : update: removing Culture Code - Make Me Move (feat. Karra) [NCS Release].mp3
Jan 27 20:30 : update: removing Cartoon - On & On (feat. Daniel Levi) [NCS Release].mp3
Jan 27 20:30 : update: added Big Big Train/Grimspound/06 The Ivy Gate.mp3
Jan 27 20:30 : update: added Big Big Train/Grimspound/01 Brave Captain.mp3
Jan 27 20:30 : update: added Big Big Train/Grimspound/07 A Mead Hall in Winter.mp3
Jan 27 20:30 : update: added Big Big Train/Grimspound/02 On the Racing Line.mp3
Jan 27 20:30 : update: added Big Big Train/Grimspound/08 As the Crow Flies.mp3
Jan 27 20:30 : update: added Big Big Train/Grimspound/04 Meadowland.mp3
Jan 27 20:30 : update: added Big Big Train/Grimspound/05 Grimspound.mp3
Jan 27 20:30 : update: added Big Big Train/Grimspound/03 Experimental Gentlemen.mp3
Jan 27 20:30 : update: added Big Big Train/Merchants of Light/14 Victorian Brickwork.mp3
Jan 27 20:30 : update: added Big Big Train/Merchants of Light/09 Swan Hunter.mp3
Jan 27 20:30 : update: added Big Big Train/Merchants of Light/12 East Coast Racer.mp3
Jan 27 20:30 : update: added Big Big Train/Merchants of Light/07 A Mead Hall in Winter.mp3
Jan 27 20:30 : update: added Big Big Train/Merchants of Light/04 Last Train.mp3
Jan 27 20:30 : update: added Big Big Train/Merchants of Light/11 The Transit of Venus Across the Sun.mp3
Jan 27 20:30 : update: added Big Big Train/Merchants of Light/03 Brave Captain.mp3
Jan 27 20:30 : update: added Big Big Train/Merchants of Light/01 Folklore Overture.mp3
Jan 27 20:30 : update: added Big Big Train/Merchants of Light/10 Judas Unrepentant.mp3
Jan 27 20:30 : update: added Big Big Train/Merchants of Light/16 Wassail.mp3
Jan 27 20:30 : update: added Big Big Train/Merchants of Light/06 Meadowland.mp3
Jan 27 20:30 : update: added Big Big Train/Merchants of Light/15 Drums and Brass.mp3
Jan 27 20:30 : update: added Big Big Train/Merchants of Light/05 London Plane.mp3
Jan 27 20:30 : update: added Big Big Train/Merchants of Light/13 Telling the Bees.mp3
Jan 27 20:30 : update: added Big Big Train/Merchants of Light/02 Folklore.mp3
Jan 27 20:30 : update: added Big Big Train/Merchants of Light/08 Experimental Gentlemen Part Two.mp3
Jan 27 20:30 : update: added Big Big Train/Grimspound (hi resolution audio)/06 The Ivy Gate.mp3
Jan 27 20:30 : update: added Big Big Train/Grimspound (hi resolution audio)/01 Brave Captain.mp3
Jan 27 20:30 : update: added Big Big Train/Grimspound (hi resolution audio)/07 A Mead Hall in Winter.mp3
Jan 27 20:30 : update: added Big Big Train/Grimspound (hi resolution audio)/02 On the Racing Line.mp3
Jan 27 20:30 : update: added Big Big Train/Grimspound (hi resolution audio)/08 As the Crow Flies.mp3
Jan 27 20:30 : update: added Big Big Train/Grimspound (hi resolution audio)/04 Meadowland.mp3
Jan 27 20:30 : update: added Big Big Train/Grimspound (hi resolution audio)/05 Grimspound.mp3
Jan 27 20:30 : update: added Big Big Train/Grimspound (hi resolution audio)/03 Experimental Gentlemen.mp3
Jan 27 20:30 : update: added Big Big Train/English Electric Part 1/05 Summoned By Bells.mp3
Jan 27 20:30 : update: added Big Big Train/English Electric Part 1/07 A Boy In Darkness.mp3
Jan 27 20:30 : update: added Big Big Train/English Electric Part 1/03 Winchester From St. Giles Hill.mp3
Jan 27 20:30 : update: added Big Big Train/English Electric Part 1/02 Uncle Jack.mp3
Jan 27 20:30 : update: added Big Big Train/English Electric Part 1/01 The First Rebreather.mp3
Jan 27 20:30 : update: added Big Big Train/English Electric Part 1/08 Hedgerow.mp3
Jan 27 20:30 : update: added Big Big Train/English Electric Part 1/04 Judas Unrepentant.mp3
Jan 27 20:30 : update: added Big Big Train/English Electric Part 1/06 Upton Heath.mp3
Jan 27 20:30 : update: added Big Big Train/The Second Brightest Star/03 Skylon.mp3
Jan 27 20:30 : update: added Big Big Train/The Second Brightest Star/06 The Leaden Stour.mp3
Jan 27 20:30 : update: added Big Big Train/The Second Brightest Star/04 London Stone.mp3
Jan 27 20:30 : update: added Big Big Train/The Second Brightest Star/02 Haymaking.mp3
Jan 27 20:30 : update: added Big Big Train/The Second Brightest Star/01 The Second Brightest Star.mp3
Jan 27 20:30 : update: added Big Big Train/The Second Brightest Star/10 The Gentlemen's Reprise.mp3
Jan 27 20:30 : update: added Big Big Train/The Second Brightest Star/08 Brooklands sequence (i) On the Racing Line (ii) Brooklands.mp3
Jan 27 20:30 : exception: Failed to open /home/david/.mpd/playlists: No such file or directory
Jan 27 20:31 : update: updating Big Big Train/The Second Brightest Star/08 Brooklands sequence (i) On the Racing Line (ii) Brooklands.mp3
Jan 27 20:31 : update: added Big Big Train/The Second Brightest Star/05 The Passing Widow.mp3
Jan 27 20:31 : update: added Big Big Train/The Second Brightest Star/07 Terra Australis Incognita.mp3
Jan 27 20:31 : update: added Big Big Train/The Second Brightest Star/09 London Plane sequence (i) Turner on the Thames (ii) London Plane.mp3
Jan 27 20:31 : update: added Big Big Train/The Underfall Yard (2021 edition)/1-04 Last Train.mp3
Jan 27 20:31 : update: added Big Big Train/The Underfall Yard (2021 edition)/2-07 Songs From The Shoreline.mp3
Jan 27 20:31 : update: added Big Big Train/The Underfall Yard (2021 edition)/1-01 Evening Star.mp3
Jan 27 20:31 : update: added Big Big Train/The Underfall Yard (2021 edition)/2-10 Brew and Burgh.mp3
Jan 27 20:31 : update: added Big Big Train/The Underfall Yard (2021 edition)/1-02 Master James Of St George.mp3
Jan 27 20:31 : update: added Big Big Train/The Underfall Yard (2021 edition)/1-06 The Underfall Yard.mp3
Jan 27 20:31 : update: updating Big Big Train/The Underfall Yard (2021 edition)/1-06 The Underfall Yard.mp3
Jan 27 20:31 : update: updating Big Big Train/The Underfall Yard (2021 edition)/1-06 The Underfall Yard.mp3
Jan 27 20:31 : exception: Failed to open /home/david/.mpd/playlists: No such file or directory
Jan 27 20:47 : update: updating Big Big Train/The Underfall Yard (2021 edition)/1-06 The Underfall Yard.mp3
Jan 27 20:47 : update: added Big Big Train/The Underfall Yard (2021 edition)/1-03 Victorian Brickwork.mp3
Jan 27 20:47 : update: added Big Big Train/The Underfall Yard (2021 edition)/2-09 The Underfall Yard (2020 version).mp3
Jan 27 20:47 : update: added Big Big Train/The Underfall Yard (2021 edition)/1-05 Winchester Diver.mp3
Jan 27 20:47 : update: added Big Big Train/The Underfall Yard (2021 edition)/2-08 Prelude To The Underfall Yard.mp3
Jan 27 20:47 : ffmpeg/mov,mp4,m4a,3gp,3g2,mj2: stream 0, timescale not set
Jan 27 20:47 : update: added Big Big Train/Bard/1-01 The Last King.m4a
Jan 27 20:47 : ffmpeg/mov,mp4,m4a,3gp,3g2,mj2: stream 0, timescale not set
Jan 27 20:47 : update: added Big Big Train/Bard/1-11 A Long Fishing.m4a
Jan 27 20:47 : ffmpeg/mov,mp4,m4a,3gp,3g2,mj2: stream 0, timescale not set
Jan 27 20:47 : update: added Big Big Train/Bard/1-03 This Is Where We Came In.m4a
Jan 27 20:47 : ffmpeg/mov,mp4,m4a,3gp,3g2,mj2: stream 0, timescale not set
Jan 27 20:47 : update: added Big Big Train/Bard/1-09 A Short Visit To Earth.m4a
Jan 27 20:47 : ffmpeg/mov,mp4,m4a,3gp,3g2,mj2: stream 0, timescale not set
Jan 27 20:47 : update: added Big Big Train/Bard/1-07 Love Is Her Thing.m4a
Jan 27 20:47 : ffmpeg/mov,mp4,m4a,3gp,3g2,mj2: stream 0, timescale not set
Jan 27 20:47 : update: added Big Big Train/Bard/1-10 Fox Winter.m4a
Jan 27 20:47 : ffmpeg/mov,mp4,m4a,3gp,3g2,mj2: stream 0, timescale not set
Jan 27 20:47 : update: added Big Big Train/Bard/1-06 Malfosse.m4a
Jan 27 20:47 : ffmpeg/mov,mp4,m4a,3gp,3g2,mj2: stream 0, timescale not set
Jan 27 20:47 : update: added Big Big Train/Bard/1-04 Harold Rex Interfectus Est.m4a
Jan 27 20:47 : ffmpeg/mov,mp4,m4a,3gp,3g2,mj2: stream 0, timescale not set
Jan 27 20:47 : update: added Big Big Train/Bard/1-05 Blacksmithing.m4a
Jan 27 20:47 : ffmpeg/mov,mp4,m4a,3gp,3g2,mj2: stream 0, timescale not set
Jan 27 20:47 : update: added Big Big Train/Bard/1-02 Broken English.m4a
Jan 27 20:47 : ffmpeg/mov,mp4,m4a,3gp,3g2,mj2: stream 0, timescale not set
Jan 27 20:47 : update: added Big Big Train/Bard/1-08 How The Earth From This Place Has Power Over Fire.m4a
Jan 27 20:47 : update: added Big Big Train/English Electric Part Two/03 Worked Out.mp3
Jan 27 20:47 : update: added Big Big Train/English Electric Part Two/01 East Coast Racer.mp3
Jan 27 20:47 : update: added Big Big Train/English Electric Part Two/02 Swan Hunter.mp3
Jan 27 20:47 : update: added Big Big Train/English Electric Part Two/05 Keeper Of Abbeys.mp3
Jan 27 20:47 : update: added Big Big Train/English Electric Part Two/06 The Permanent Way.mp3
Jan 27 20:47 : update: added Big Big Train/English Electric Part Two/07 Curator Of Butterflies.mp3
Jan 27 20:47 : update: added Big Big Train/English Electric Part Two/04 Leopards.mp3
Jan 27 20:47 : update: added Big Big Train/The Infant Hercules/04 Show Of Strength.mp3
Jan 27 20:47 : update: added Big Big Train/The Infant Hercules/07 Kingmaker.mp3
Jan 27 20:47 : update: added Big Big Train/The Infant Hercules/03 Lincoln Green.mp3
Jan 27 20:47 : update: added Big Big Train/The Infant Hercules/06 Sky End Fall.mp3
Jan 27 20:47 : update: added Big Big Train/The Infant Hercules/05 Red Five.mp3
Jan 27 20:47 : update: added Big Big Train/The Infant Hercules/02 Dismounting Tigers.mp3
Jan 27 20:47 : update: added Big Big Train/The Infant Hercules/01 Far Distant Thing.mp3
Jan 27 20:47 : update: added Big Big Train/Folklore/03 Along The Ridgeway.mp3
Jan 27 20:47 : update: added Big Big Train/Folklore/06 Wassail.mp3
Jan 27 20:47 : update: added Big Big Train/Folklore/01 Folklore.mp3
Jan 27 20:47 : update: added Big Big Train/Folklore/07 Winkie.mp3
Jan 27 20:47 : update: added Big Big Train/Folklore/04 Salisbury Giant.mp3
Jan 27 20:47 : update: added Big Big Train/Folklore/05 The Transit Of Venus Across The Sun.mp3
Jan 27 20:47 : update: added Big Big Train/Folklore/02 London Plane.mp3
Jan 27 20:47 : update: added Big Big Train/Folklore/09 Telling The Bees.mp3
Jan 27 20:47 : update: added Big Big Train/Folklore/08 Brooklands.mp3
Jan 27 20:47 : update: added Big Big Train/English Electric_ Full Power/1-07 Summoned By Bells.mp3
Jan 27 20:47 : update: added Big Big Train/English Electric_ Full Power/2-05 Leopards.mp3
Jan 27 20:47 : update: added Big Big Train/English Electric_ Full Power/2-08 East Coast Racer.mp3
Jan 27 20:47 : update: added Big Big Train/English Electric_ Full Power/1-03 Uncle Jack.mp3
Jan 27 20:47 : update: added Big Big Train/English Electric_ Full Power/1-02 The First Rebreather.mp3
Jan 27 20:47 : update: added Big Big Train/English Electric_ Full Power/2-04 The Lovers.mp3
Jan 27 20:47 : update: added Big Big Train/English Electric_ Full Power/2-09 Curator Of Butterflies.mp3
Jan 27 20:47 : update: added Big Big Train/English Electric_ Full Power/1-01 Make Some Noise.mp3
Jan 27 20:47 : update: added Big Big Train/English Electric_ Full Power/1-04 Swan Hunter.mp3
Jan 27 20:47 : update: added Big Big Train/English Electric_ Full Power/1-05 Seen Better Days.mp3
Jan 27 20:47 : update: added Big Big Train/English Electric_ Full Power/2-07 The Permanent Way.mp3
Jan 27 20:47 : update: added Big Big Train/English Electric_ Full Power/1-08 Upton Heath.mp3
Jan 27 20:47 : update: added Big Big Train/English Electric_ Full Power/2-03 Winchester From St Giles' Hill.mp3
Jan 27 20:47 : update: added Big Big Train/English Electric_ Full Power/1-10 Hedgerow.mp3
Jan 27 20:47 : update: added Big Big Train/English Electric_ Full Power/2-06 Keeper Of Abbeys.mp3
Jan 27 20:47 : update: added Big Big Train/English Electric_ Full Power/2-02 Worked Out.mp3
Jan 27 20:47 : update: added Big Big Train/English Electric_ Full Power/1-06 Edgelands.mp3
Jan 27 20:47 : update: added Big Big Train/English Electric_ Full Power/1-09 A Boy In Darkness.mp3
Jan 27 20:47 : update: added Big Big Train/English Electric_ Full Power/2-01 Judas Unrepentant.mp3
Jan 27 20:47 : update: added Big Big Train/Welcome To The Planet/Oak and Stone.mp3
Jan 27 20:47 : update: added Big Big Train/Welcome To The Planet/Welcome To The Planet.mp3
Jan 27 20:47 : update: added Big Big Train/Welcome To The Planet/The Connection Plan.mp3
Jan 27 20:47 : update: added Big Big Train/Welcome To The Planet/Lanterna.mp3
Jan 27 20:47 : update: added Big Big Train/Welcome To The Planet/Bats In The Belfry.mp3
Jan 27 20:47 : update: added Big Big Train/Welcome To The Planet/Made From Sunshine.mp3
Jan 27 20:47 : update: added Big Big Train/Welcome To The Planet/Proper Jack Froster.mp3
Jan 27 20:47 : update: added Big Big Train/Welcome To The Planet/A Room With No Ceiling.mp3
Jan 27 20:47 : update: added Big Big Train/Welcome To The Planet/Capitoline Venus.mp3
Jan 27 20:47 : ffmpeg/mov,mp4,m4a,3gp,3g2,mj2: stream 0, timescale not set
Jan 27 20:47 : update: added Big Big Train/Gathering Speed/1-05 Pell Mell.m4a
Jan 27 20:47 : ffmpeg/mov,mp4,m4a,3gp,3g2,mj2: stream 0, timescale not set
Jan 27 20:47 : update: added Big Big Train/Gathering Speed/1-02 Fighter Command.m4a
Jan 27 20:47 : ffmpeg/mov,mp4,m4a,3gp,3g2,mj2: stream 0, timescale not set
Jan 27 20:47 : update: added Big Big Train/Gathering Speed/1-07 Gathering Speed.m4a
Jan 27 20:47 : ffmpeg/mov,mp4,m4a,3gp,3g2,mj2: stream 0, timescale not set
Jan 27 20:47 : update: added Big Big Train/Gathering Speed/1-06 Powder Monkey.m4a
Jan 27 20:47 : ffmpeg/mov,mp4,m4a,3gp,3g2,mj2: stream 0, timescale not set
Jan 27 20:47 : update: added Big Big Train/Gathering Speed/1-03 The Road Much Further On.m4a
Jan 27 20:47 : ffmpeg/mov,mp4,m4a,3gp,3g2,mj2: stream 0, timescale not set
Jan 27 20:47 : update: added Big Big Train/Gathering Speed/1-01 High Tide, Last Stand.m4a
Jan 27 20:47 : ffmpeg/mov,mp4,m4a,3gp,3g2,mj2: stream 0, timescale not set
Jan 27 20:47 : update: added Big Big Train/Gathering Speed/1-04 Sky Flying On Fire.m4a
Jan 27 20:47 : update: added Big Big Train/Goodbye To The Age Of Steam (2011 remaster)/04 Landfall.mp3
Jan 27 20:47 : update: added Big Big Train/Goodbye To The Age Of Steam (2011 remaster)/01 Wind Distorted Pioneers.mp3
Jan 27 20:47 : update: added Big Big Train/Goodbye To The Age Of Steam (2011 remaster)/03 Edge Of The Known World.mp3
Jan 27 20:47 : update: added Big Big Train/Goodbye To The Age Of Steam (2011 remaster)/08 Blue Silver Red.mp3
Jan 27 20:47 : update: added Big Big Train/Goodbye To The Age Of Steam (2011 remaster)/10 Far Distant Thing.mp3
Jan 27 20:47 : update: added Big Big Train/Goodbye To The Age Of Steam (2011 remaster)/12 Losing Your Way (extended).mp3
Jan 27 20:47 : update: added Big Big Train/Goodbye To The Age Of Steam (2011 remaster)/06 Blow The House Down.mp3
Jan 27 20:47 : update: added Big Big Train/Goodbye To The Age Of Steam (2011 remaster)/05 Dragon Bone Hill.mp3
Jan 27 20:47 : update: added Big Big Train/Goodbye To The Age Of Steam (2011 remaster)/11 Expecting Dragons.mp3
Jan 27 20:47 : update: added Big Big Train/Goodbye To The Age Of Steam (2011 remaster)/07 Expecting Snow.mp3
Jan 27 20:47 : update: added Big Big Train/Goodbye To The Age Of Steam (2011 remaster)/09 Losing Your Way.mp3
Jan 27 20:47 : update: added Big Big Train/Goodbye To The Age Of Steam (2011 remaster)/02 Head Hit The Pillow.mp3
Jan 27 20:47 : update: added Big Big Train/Summer's Lease/2-05 Swan Hinter.mp3
Jan 27 20:47 : update: added Big Big Train/Summer's Lease/2-06 The Transit Of Venus Across The Sun.mp3
Jan 27 20:47 : update: added Big Big Train/Summer's Lease/1-03 Wind Distorted Pioneers.mp3
Jan 27 20:47 : update: added Big Big Train/Summer's Lease/2-07 Don't Forget The Telescope.mp3
Jan 27 20:47 : update: added Big Big Train/Summer's Lease/1-01 Expecting Snow.mp3
Jan 27 20:47 : update: added Big Big Train/Summer's Lease/2-01 Victorian Brickwork.mp3
Jan 27 20:47 : update: added Big Big Train/Summer's Lease/1-04 Summer's Lease.mp3
Jan 27 20:47 : update: added Big Big Train/Summer's Lease/1-02 Kingmaker.mp3
Jan 27 20:47 : update: added Big Big Train/Summer's Lease/2-02 Judas Unrepentant.mp3
Jan 27 20:47 : update: added Big Big Train/Summer's Lease/2-03 East Coast Racer.mp3
Jan 27 20:47 : update: added Big Big Train/Summer's Lease/1-06 London Song.mp3
Jan 27 20:47 : update: added Big Big Train/Summer's Lease/1-05 Master James Of St. George.mp3
Jan 27 20:47 : update: added Big Big Train/Summer's Lease/2-08 Brave Captain.mp3
Jan 27 20:47 : update: added Big Big Train/Summer's Lease/2-04 Curator Of Butterflies.mp3
Jan 27 20:47 : update: added Big Big Train/Goodbye To The Age Of Steam/04 Landfall.mp3
Jan 27 20:47 : update: added Big Big Train/Goodbye To The Age Of Steam/01 Wind Distorted Pioneers.mp3
Jan 27 20:47 : update: added Big Big Train/Goodbye To The Age Of Steam/03 Edge Of The Known World.mp3
Jan 27 20:47 : update: added Big Big Train/Goodbye To The Age Of Steam/08 Blue Silver Red.mp3
Jan 27 20:47 : update: added Big Big Train/Goodbye To The Age Of Steam/06 Blow The House Down.mp3
Jan 27 20:47 : update: added Big Big Train/Goodbye To The Age Of Steam/05 Dragon Bone Hill.mp3
Jan 27 20:47 : update: added Big Big Train/Goodbye To The Age Of Steam/07 Expecting Snow.mp3
Jan 27 20:47 : update: added Big Big Train/Goodbye To The Age Of Steam/09 Losing Your Way.mp3
Jan 27 20:47 : update: added Big Big Train/Goodbye To The Age Of Steam/02 Head Hit The Pillow.mp3
Jan 27 20:47 : update: added Big Big Train/Stone & Steel/02 Master James of St George.mp3
Jan 27 20:47 : update: added Big Big Train/Stone & Steel/07 Kingmaker.mp3
Jan 27 20:47 : update: added Big Big Train/Stone & Steel/05 Wind Distorted Pioneers.mp3
Jan 27 20:47 : update: added Big Big Train/Stone & Steel/12 Victorian Brickwork (live at Kings Place).mp3
Jan 27 20:47 : update: added Big Big Train/Stone & Steel/06 Summoned By Bells.mp3
Jan 27 20:47 : update: added Big Big Train/Stone & Steel/03 Judas Unrepentant.mp3
Jan 27 20:47 : update: added Big Big Train/Stone & Steel/11 Curator Of Butterflies (live at Kings Place).mp3
Jan 27 20:47 : update: added Big Big Train/Stone & Steel/10 Wassail (live at Kings Place).mp3
Jan 27 20:47 : update: added Big Big Train/Stone & Steel/01 The First Rebreather.mp3
Jan 27 20:47 : update: added Big Big Train/Stone & Steel/04 Uncle Jack.mp3
Jan 27 20:47 : update: added Big Big Train/Stone & Steel/13 East Coast Racer (live at Kings Place).mp3
Jan 27 20:47 : update: added Big Big Train/Stone & Steel/09 Victorian Brickwork.mp3
Jan 27 20:47 : update: added Big Big Train/Stone & Steel/08 The Underfall Yard.mp3
Jan 27 20:47 : update: added Big Big Train/The Underfall Yard/02 Master James of St George.mp3
Jan 27 20:47 : update: added Big Big Train/The Underfall Yard/01 Evening Star.mp3
Jan 27 20:47 : update: added Big Big Train/The Underfall Yard/04 Last Train.mp3
Jan 27 20:47 : update: added Big Big Train/The Underfall Yard/03 Victorian Brickwork.mp3
Jan 27 20:47 : update: added Big Big Train/The Underfall Yard/05 Winchester Diver.mp3
Jan 27 20:47 : update: added Big Big Train/The Underfall Yard/06 The Underfall Yard.mp3
Jan 27 20:47 : update: added Big Big Train/Wassail/04 Master James of St George (Live At Real World).mp3
Jan 27 20:47 : update: added Big Big Train/Wassail/02 Lost Rivers of London.mp3
Jan 27 20:47 : update: added Big Big Train/Wassail/03 Mudlarks.mp3
Jan 27 20:47 : update: added Big Big Train/Wassail/01 Wassail.mp3
Jan 27 20:47 : ffmpeg/mov,mp4,m4a,3gp,3g2,mj2: stream 0, timescale not set
Jan 27 20:47 : update: added Big Big Train/English Boy Wonders/1-02 Brushed Aside.m4a
Jan 27 20:47 : ffmpeg/mov,mp4,m4a,3gp,3g2,mj2: stream 0, timescale not set
Jan 27 20:47 : update: added Big Big Train/English Boy Wonders/1-03 Albion Perfide.m4a
Jan 27 20:47 : ffmpeg/mov,mp4,m4a,3gp,3g2,mj2: stream 0, timescale not set
Jan 27 20:47 : update: added Big Big Train/English Boy Wonders/1-06 Out Of It.m4a
Jan 27 20:47 : ffmpeg/mov,mp4,m4a,3gp,3g2,mj2: stream 0, timescale not set
Jan 27 20:47 : update: added Big Big Train/English Boy Wonders/1-10 Reaching For John Dowland.m4a
Jan 27 20:47 : ffmpeg/mov,mp4,m4a,3gp,3g2,mj2: stream 0, timescale not set
Jan 27 20:47 : update: added Big Big Train/English Boy Wonders/1-04 Pretty Mom.m4a
Jan 27 20:47 : ffmpeg/mov,mp4,m4a,3gp,3g2,mj2: stream 0, timescale not set
Jan 27 20:47 : update: added Big Big Train/English Boy Wonders/1-08 Two Poets Meet (instrumental) (bonus track).m4a
Jan 27 20:47 : ffmpeg/mov,mp4,m4a,3gp,3g2,mj2: stream 0, timescale not set
Jan 27 20:47 : update: added Big Big Train/English Boy Wonders/1-11 Mr Boxgroveman.m4a
Jan 27 20:47 : ffmpeg/mov,mp4,m4a,3gp,3g2,mj2: stream 0, timescale not set
Jan 27 20:47 : update: added Big Big Train/English Boy Wonders/1-14 Fell Asleep.m4a
Jan 27 20:47 : ffmpeg/mov,mp4,m4a,3gp,3g2,mj2: stream 0, timescale not set
Jan 27 20:47 : update: added Big Big Train/English Boy Wonders/1-13 Right To The End Of The World Tra-La.m4a
Jan 27 20:47 : ffmpeg/mov,mp4,m4a,3gp,3g2,mj2: stream 0, timescale not set
Jan 27 20:47 : update: added Big Big Train/English Boy Wonders/1-12 The Shipping Forecast.m4a
Jan 27 20:47 : ffmpeg/mov,mp4,m4a,3gp,3g2,mj2: stream 0, timescale not set
Jan 27 20:47 : update: added Big Big Train/English Boy Wonders/1-09 28 Years.m4a
Jan 27 20:47 : ffmpeg/mov,mp4,m4a,3gp,3g2,mj2: stream 0, timescale not set
Jan 27 20:47 : update: added Big Big Train/English Boy Wonders/1-05 A Giddy Thing.m4a
Jan 27 20:47 : ffmpeg/mov,mp4,m4a,3gp,3g2,mj2: stream 0, timescale not set
Jan 27 20:47 : update: added Big Big Train/English Boy Wonders/1-07 Cloudless And Starry And Still.m4a
Jan 27 20:47 : ffmpeg/mov,mp4,m4a,3gp,3g2,mj2: stream 0, timescale not set
Jan 27 20:47 : update: added Big Big Train/English Boy Wonders/1-01 Big Empty Skies.m4a
Jan 27 20:47 : update: added Big Big Train/English Electric Part 2/01 Keeper of Abbeys.mp3
Jan 27 20:47 : update: added Big Big Train/English Electric Part 2/02 Curator of Butterflies.mp3
Jan 27 20:47 : update: added Big Big Train/Far Skies Deep Time (2018 remaster)/04 Brambling.mp3
Jan 27 20:47 : update: added Big Big Train/Far Skies Deep Time (2018 remaster)/06 Master Of Time.mp3
Jan 27 20:47 : update: added Big Big Train/Far Skies Deep Time (2018 remaster)/02 Fat Billy Shouts Mine.mp3
Jan 27 20:47 : update: added Big Big Train/Far Skies Deep Time (2018 remaster)/05 The Wide Open Sea.mp3
Jan 27 20:47 : update: added Big Big Train/Far Skies Deep Time (2018 remaster)/01 Kingmaker.mp3
Jan 27 20:47 : update: added Big Big Train/Far Skies Deep Time (2018 remaster)/03 British Racing Green.mp3
Jan 27 20:47 : update: added Big Big Train/From the River To The Sea/04 Full Head Of Steam.mp3
Jan 27 20:47 : update: added Big Big Train/From the River To The Sea/09 Less Is More.mp3
Jan 27 20:47 : update: added Big Big Train/From the River To The Sea/10 Downhilling.mp3
Jan 27 20:47 : update: added Big Big Train/From the River To The Sea/05 Indian Souls.mp3
Jan 27 20:47 : update: added Big Big Train/From the River To The Sea/06 River.mp3
Jan 27 20:47 : update: added Big Big Train/From the River To The Sea/02 Returning To The Fold.mp3
Jan 27 20:47 : update: added Big Big Train/From the River To The Sea/12 Least Peculiar Thing.mp3
Jan 27 20:47 : update: added Big Big Train/From the River To The Sea/07 The Friend Inside.mp3
Jan 27 20:47 : update: added Big Big Train/From the River To The Sea/01 To The Sea.mp3
Jan 27 20:47 : update: added Big Big Train/From the River To The Sea/03 Jas.mp3
Jan 27 20:47 : update: added Big Big Train/From the River To The Sea/11 Along Came Sarah.mp3
Jan 27 20:47 : update: added Big Big Train/From the River To The Sea/08 Stolen Glances.mp3
Jan 27 20:47 : update: added Big Big Train/Common Ground/08 Atlantic Cable.mp3
Jan 27 20:47 : update: added Big Big Train/Common Ground/06 Apollo.mp3
Jan 27 20:47 : update: added Big Big Train/Common Ground/05 Headwaters.mp3
Jan 27 20:47 : update: added Big Big Train/Common Ground/03 Black With Ink.mp3
Jan 27 20:47 : update: added Big Big Train/Common Ground/02 All The Love We Can Give.mp3
Jan 27 20:47 : update: added Big Big Train/Common Ground/04 Dandelion Clock.mp3
Jan 27 20:47 : update: added Big Big Train/Common Ground/09 Endnotes.mp3
Jan 27 20:47 : update: added Big Big Train/Common Ground/07 Common Ground.mp3
Jan 27 20:47 : update: added Big Big Train/English Boy Wonders (original version)/02 Brushed Aside.mp3
Jan 27 20:47 : update: added Big Big Train/English Boy Wonders (original version)/03 A Giddy Thing.mp3
Jan 27 20:47 : update: added Big Big Train/English Boy Wonders (original version)/09 Right to the end of the World Tra-la.mp3
Jan 27 20:47 : update: added Big Big Train/English Boy Wonders (original version)/04 28 years.mp3
Jan 27 20:47 : update: added Big Big Train/English Boy Wonders (original version)/12 Reaching For John Dowland.mp3
Jan 27 20:47 : update: added Big Big Train/English Boy Wonders (original version)/01 Big Empty Skies.mp3
Jan 27 20:47 : update: added Big Big Train/English Boy Wonders (original version)/05 Pretty Mom.mp3
Jan 27 20:47 : update: added Big Big Train/English Boy Wonders (original version)/10 The Shipping Forecast.mp3
Jan 27 20:47 : update: added Big Big Train/English Boy Wonders (original version)/11 Mr Boxgroveman.mp3
Jan 27 20:47 : update: added Big Big Train/English Boy Wonders (original version)/08 Albion Perfide.mp3
Jan 27 20:47 : update: added Big Big Train/English Boy Wonders (original version)/06 Out of It.mp3
Jan 27 20:47 : update: added Big Big Train/English Boy Wonders (original version)/07 Cloudless and Starry and Still.mp3
Jan 27 20:47 : update: added Big Big Train/English Boy Wonders (original version)/13 Fell Asleep.mp3
Jan 27 20:47 : update: added Big Big Train/Grand Tour/05 Pantheon.mp3
Jan 27 20:47 : update: added Big Big Train/Grand Tour/02 Alive.mp3
Jan 27 20:47 : update: added Big Big Train/Grand Tour/08 Voyager.mp3
Jan 27 20:47 : update: added Big Big Train/Grand Tour/07 Ariel.mp3
Jan 27 20:47 : update: added Big Big Train/Grand Tour/03 The Florentine.mp3
Jan 27 20:47 : update: added Big Big Train/Grand Tour/04 Roman Stone.mp3
Jan 27 20:47 : update: added Big Big Train/Grand Tour/01 Novum Organum.mp3
Jan 27 20:47 : update: added Big Big Train/Grand Tour/09 Homesong.mp3
Jan 27 20:47 : update: added Big Big Train/Grand Tour/06 Theodora in Green and Gold.mp3
Jan 27 20:47 : update: added Big Big Train/Far Skies, Deep Time/04 Brambling.mp3
Jan 27 20:47 : update: added Big Big Train/Far Skies, Deep Time/01 Master Of Time.mp3
Jan 27 20:47 : update: added Big Big Train/Far Skies, Deep Time/02 Fat Billy Shouts Mine.mp3
Jan 27 20:47 : update: added Big Big Train/Far Skies, Deep Time/05 The Wide Open Sea.mp3
Jan 27 20:47 : update: added Big Big Train/Far Skies, Deep Time/03 British Racing Green.mp3
Jan 27 20:47 : update: added Big Big Train/A Stone's Throw From The Line/2-06 East Coast Racer.mp3
Jan 27 20:47 : update: added Big Big Train/A Stone's Throw From The Line/2-05 Curator Of Butterflies.mp3
Jan 27 20:47 : update: added Big Big Train/A Stone's Throw From The Line/2-01 Kingmaker.mp3
Jan 27 20:47 : update: added Big Big Train/A Stone's Throw From The Line/2-02 Wassail.mp3
Jan 27 20:47 : update: added Big Big Train/A Stone's Throw From The Line/2-03 Summonded By Bells.mp3
Jan 27 20:47 : update: added Big Big Train/A Stone's Throw From The Line/1-02 The First Rebreather.mp3
Jan 27 20:47 : update: added Big Big Train/A Stone's Throw From The Line/2-07 Hedgerow.mp3
Jan 27 20:47 : update: added Big Big Train/A Stone's Throw From The Line/1-01 Make Some Noise.mp3
Jan 27 20:47 : update: added Big Big Train/A Stone's Throw From The Line/2-04 Judas Unrepentant.mp3
Jan 27 20:47 : update: added Big Big Train/A Stone's Throw From The Line/1-04 Uncle Jack.mp3
Jan 27 20:47 : update: added Big Big Train/A Stone's Throw From The Line/1-05 Victorian Brickwork.mp3
Jan 27 20:47 : update: added Big Big Train/A Stone's Throw From The Line/1-03 The Underfall Yard.mp3
Jan 27 20:47 : update: added Big Big Train/The Likes Of Us/wetransfer_big-big-train-the-likes-of-us_2024-01-22_1459.zip/Big Big Train - The Likes Of Us/01 - Light Left In The Day .mp3
Jan 27 20:47 : update: added Big Big Train/The Likes Of Us/wetransfer_big-big-train-the-likes-of-us_2024-01-22_1459.zip/Big Big Train - The Likes Of Us/02 - Oblivion .mp3
Jan 27 20:47 : update: added Big Big Train/The Likes Of Us/wetransfer_big-big-train-the-likes-of-us_2024-01-22_1459.zip/Big Big Train - The Likes Of Us/03 - Beneath The Masts .mp3
Jan 27 20:47 : update: added Big Big Train/The Likes Of Us/wetransfer_big-big-train-the-likes-of-us_2024-01-22_1459.zip/Big Big Train - The Likes Of Us/04 - Skates On .mp3
Jan 27 20:47 : update: added Big Big Train/The Likes Of Us/wetransfer_big-big-train-the-likes-of-us_2024-01-22_1459.zip/Big Big Train - The Likes Of Us/05 - Miramare .mp3
Jan 27 20:47 : update: added Big Big Train/The Likes Of Us/wetransfer_big-big-train-the-likes-of-us_2024-01-22_1459.zip/Big Big Train - The Likes Of Us/06 - Love Is The Light .mp3
Jan 27 20:47 : update: added Big Big Train/The Likes Of Us/wetransfer_big-big-train-the-likes-of-us_2024-01-22_1459.zip/Big Big Train - The Likes Of Us/07 - Bookmarks .mp3
Jan 27 20:47 : update: added Big Big Train/The Likes Of Us/wetransfer_big-big-train-the-likes-of-us_2024-01-22_1459.zip/Big Big Train - The Likes Of Us/08 - Last Eleven .mp3
Jan 27 20:47 : update: added Big Big Train/The Likes Of Us/wetransfer_zeelley-moon_2024-01-22_1527.zip/Zeelley Moon/01 Itchy Feet.mp3
Jan 27 20:47 : update: added Big Big Train/The Likes Of Us/wetransfer_zeelley-moon_2024-01-22_1527.zip/Zeelley Moon/02 Smile.mp3
Jan 27 20:47 : update: added Big Big Train/The Likes Of Us/wetransfer_zeelley-moon_2024-01-22_1527.zip/Zeelley Moon/03 Tricks and Tragedy.mp3
Jan 27 20:47 : update: added Big Big Train/The Likes Of Us/wetransfer_zeelley-moon_2024-01-22_1527.zip/Zeelley Moon/04 The Tick Tock.mp3
Jan 27 20:47 : update: added Big Big Train/The Likes Of Us/wetransfer_zeelley-moon_2024-01-22_1527.zip/Zeelley Moon/05 See Me Fly.mp3
Jan 27 20:47 : update: added Big Big Train/The Likes Of Us/wetransfer_zeelley-moon_2024-01-22_1527.zip/Zeelley Moon/06 Weight Of The World.mp3
Jan 27 20:47 : update: added Big Big Train/The Likes Of Us/wetransfer_zeelley-moon_2024-01-22_1527.zip/Zeelley Moon/07 Designer Crime.mp3
Jan 27 20:47 : update: added Big Big Train/The Likes Of Us/wetransfer_zeelley-moon_2024-01-22_1527.zip/Zeelley Moon/08 Living On The Water.mp3
Jan 27 20:47 : update: added Big Big Train/The Likes Of Us/wetransfer_zeelley-moon_2024-01-22_1527.zip/Zeelley Moon/09 Feel So Real.mp3
Jan 27 20:47 : update: added Big Big Train/The Likes Of Us/wetransfer_zeelley-moon_2024-01-22_1527.zip/Zeelley Moon/10 Out of the Blue.mp3
Jan 27 20:47 : update: added Big Big Train/The Likes Of Us/wetransfer_zeelley-moon_2024-01-22_1527.zip/Zeelley Moon - The Author And The Dreamer/01 Main Moon Man.mp3
Jan 27 20:47 : update: added Big Big Train/The Likes Of Us/wetransfer_zeelley-moon_2024-01-22_1527.zip/Zeelley Moon - The Author And The Dreamer/02 English Pride.mp3
Jan 27 20:47 : update: added Big Big Train/The Likes Of Us/wetransfer_zeelley-moon_2024-01-22_1527.zip/Zeelley Moon - The Author And The Dreamer/03 Four Walls.mp3
Jan 27 20:47 : update: added Big Big Train/The Likes Of Us/wetransfer_zeelley-moon_2024-01-22_1527.zip/Zeelley Moon - The Author And The Dreamer/04 Killing The Dream.mp3
Jan 27 20:47 : update: added Big Big Train/The Likes Of Us/wetransfer_zeelley-moon_2024-01-22_1527.zip/Zeelley Moon - The Author And The Dreamer/05 Where The Wind Blows.mp3
Jan 27 20:47 : update: added Big Big Train/The Likes Of Us/wetransfer_zeelley-moon_2024-01-22_1527.zip/Zeelley Moon - The Author And The Dreamer/06 Poison In My Tea.mp3
Jan 27 20:47 : update: added Big Big Train/The Likes Of Us/wetransfer_zeelley-moon_2024-01-22_1527.zip/Zeelley Moon - The Author And The Dreamer/07 So Many Words.mp3
Jan 27 20:47 : update: added Big Big Train/The Likes Of Us/01 - Light Left In The Day .mp3
Jan 27 20:47 : update: added Big Big Train/The Likes Of Us/02 - Oblivion .mp3
Jan 27 20:47 : update: added Big Big Train/The Likes Of Us/03 - Beneath The Masts .mp3
Jan 27 20:47 : update: added Big Big Train/The Likes Of Us/04 - Skates On .mp3
Jan 27 20:47 : update: added Big Big Train/The Likes Of Us/05 - Miramare .mp3
Jan 27 20:47 : update: added Big Big Train/The Likes Of Us/06 - Love Is The Light .mp3
Jan 27 20:47 : update: added Big Big Train/The Likes Of Us/07 - Bookmarks .mp3
Jan 27 20:47 : update: added Big Big Train/The Likes Of Us/08 - Last Eleven .mp3
Jan 27 20:47 : exception: Failed to open /home/david/.mpd/playlists: No such file or directory
Jan 27 20:48 : exception: Failed to open /home/david/.mpd/playlists: No such file or directory
Jan 27 20:48 : exception: Failed to open /home/david/.mpd/playlists: No such file or directory
Jan 27 20:51 : exception: Failed to open /home/david/.mpd/playlists: No such file or directory
Jan 27 21:03 : update: removing Big Big Train/The Likes Of Us/wetransfer_zeelley-moon_2024-01-22_1527.zip/Zeelley Moon - The Author And The Dreamer/06 Poison In My Tea.mp3
Jan 27 21:03 : update: updating Big Big Train/The Likes Of Us/01 - Light Left In The Day .mp3
Jan 27 21:03 : update: removing Big Big Train/The Likes Of Us/wetransfer_zeelley-moon_2024-01-22_1527.zip/Zeelley Moon - The Author And The Dreamer/05 Where The Wind Blows.mp3
Jan 27 21:03 : update: removing Big Big Train/The Likes Of Us/wetransfer_zeelley-moon_2024-01-22_1527.zip/Zeelley Moon - The Author And The Dreamer/04 Killing The Dream.mp3
Jan 27 21:03 : update: removing Big Big Train/The Likes Of Us/wetransfer_zeelley-moon_2024-01-22_1527.zip/Zeelley Moon - The Author And The Dreamer/03 Four Walls.mp3
Jan 27 21:03 : update: removing Big Big Train/The Likes Of Us/wetransfer_zeelley-moon_2024-01-22_1527.zip/Zeelley Moon - The Author And The Dreamer/02 English Pride.mp3
Jan 27 21:03 : update: removing Big Big Train/The Likes Of Us/wetransfer_zeelley-moon_2024-01-22_1527.zip/Zeelley Moon - The Author And The Dreamer/01 Main Moon Man.mp3
Jan 27 21:03 : update: removing Big Big Train/The Likes Of Us/wetransfer_zeelley-moon_2024-01-22_1527.zip/Zeelley Moon/10 Out of the Blue.mp3
Jan 27 21:03 : update: removing Big Big Train/The Likes Of Us/wetransfer_zeelley-moon_2024-01-22_1527.zip/Zeelley Moon/09 Feel So Real.mp3
Jan 27 21:03 : update: removing Big Big Train/The Likes Of Us/wetransfer_zeelley-moon_2024-01-22_1527.zip/Zeelley Moon/08 Living On The Water.mp3
Jan 27 21:03 : update: removing Big Big Train/The Likes Of Us/wetransfer_zeelley-moon_2024-01-22_1527.zip/Zeelley Moon/07 Designer Crime.mp3
Jan 27 21:03 : update: removing Big Big Train/The Likes Of Us/wetransfer_zeelley-moon_2024-01-22_1527.zip/Zeelley Moon/06 Weight Of The World.mp3
Jan 27 21:03 : update: removing Big Big Train/The Likes Of Us/wetransfer_zeelley-moon_2024-01-22_1527.zip/Zeelley Moon/05 See Me Fly.mp3
Jan 27 21:03 : update: removing Big Big Train/The Likes Of Us/wetransfer_zeelley-moon_2024-01-22_1527.zip/Zeelley Moon/04 The Tick Tock.mp3
Jan 27 21:03 : update: removing Big Big Train/The Likes Of Us/wetransfer_zeelley-moon_2024-01-22_1527.zip/Zeelley Moon/03 Tricks and Tragedy.mp3
Jan 27 21:03 : update: removing Big Big Train/The Likes Of Us/wetransfer_zeelley-moon_2024-01-22_1527.zip/Zeelley Moon/02 Smile.mp3
Jan 27 21:03 : update: removing Big Big Train/The Likes Of Us/wetransfer_zeelley-moon_2024-01-22_1527.zip/Zeelley Moon/01 Itchy Feet.mp3
Jan 27 21:03 : update: removing Big Big Train/The Likes Of Us/wetransfer_big-big-train-the-likes-of-us_2024-01-22_1459.zip/Big Big Train - The Likes Of Us/08 - Last Eleven .mp3
Jan 27 21:03 : update: removing Big Big Train/The Likes Of Us/wetransfer_big-big-train-the-likes-of-us_2024-01-22_1459.zip/Big Big Train - The Likes Of Us/07 - Bookmarks .mp3
Jan 27 21:03 : update: removing Big Big Train/The Likes Of Us/wetransfer_big-big-train-the-likes-of-us_2024-01-22_1459.zip/Big Big Train - The Likes Of Us/06 - Love Is The Light .mp3
Jan 27 21:03 : update: removing Big Big Train/The Likes Of Us/wetransfer_big-big-train-the-likes-of-us_2024-01-22_1459.zip/Big Big Train - The Likes Of Us/05 - Miramare .mp3
Jan 27 21:03 : update: removing Big Big Train/The Likes Of Us/wetransfer_big-big-train-the-likes-of-us_2024-01-22_1459.zip/Big Big Train - The Likes Of Us/04 - Skates On .mp3
Jan 27 21:03 : update: removing Big Big Train/The Likes Of Us/wetransfer_big-big-train-the-likes-of-us_2024-01-22_1459.zip/Big Big Train - The Likes Of Us/03 - Beneath The Masts .mp3
Jan 27 21:03 : update: removing Big Big Train/The Likes Of Us/wetransfer_big-big-train-the-likes-of-us_2024-01-22_1459.zip/Big Big Train - The Likes Of Us/02 - Oblivion .mp3
Jan 27 21:03 : update: removing Big Big Train/The Likes Of Us/wetransfer_big-big-train-the-likes-of-us_2024-01-22_1459.zip/Big Big Train - The Likes Of Us/01 - Light Left In The Day .mp3
Jan 27 21:03 : update: removing Big Big Train/The Likes Of Us/wetransfer_zeelley-moon_2024-01-22_1527.zip/Zeelley Moon - The Author And The Dreamer/07 So Many Words.mp3
Jan 27 21:03 : update: updating Big Big Train/The Likes Of Us/02 - Oblivion .mp3
Jan 27 21:03 : update: updating Big Big Train/The Likes Of Us/03 - Beneath The Masts .mp3
Jan 27 21:03 : update: updating Big Big Train/The Likes Of Us/04 - Skates On .mp3
Jan 27 21:03 : update: updating Big Big Train/The Likes Of Us/05 - Miramare .mp3
Jan 27 21:03 : update: updating Big Big Train/The Likes Of Us/06 - Love Is The Light .mp3
Jan 27 21:03 : update: updating Big Big Train/The Likes Of Us/07 - Bookmarks .mp3
Jan 27 21:03 : update: updating Big Big Train/The Likes Of Us/08 - Last Eleven .mp3
Jan 27 21:03 : exception: Failed to open /home/david/.mpd/playlists: No such file or directory
Jan 27 21:04 : player: played "Big Big Train/The Likes Of Us/02 - Oblivion .mp3"
Jan 27 21:26 : player: played "Big Big Train/The Likes Of Us/02 - Oblivion .mp3"
Jan 27 21:43 : player: played "Big Big Train/The Likes Of Us/03 - Beneath The Masts .mp3"
Jan 27 21:48 : player: played "Big Big Train/The Likes Of Us/04 - Skates On .mp3"
Jan 27 21:55 : player: played "Big Big Train/The Likes Of Us/05 - Miramare .mp3"
Jan 28 10:12 : player: played "Big Big Train/The Likes Of Us/05 - Miramare .mp3"
Jan 28 16:12 : player: played "Big Big Train/The Likes Of Us/05 - Miramare .mp3"
Jan 28 19:10 : player: played "Big Big Train/The Likes Of Us/05 - Miramare .mp3"
Jan 28 20:08 : player: played "Big Big Train/The Likes Of Us/05 - Miramare .mp3"
Feb 04 19:57 : exception: Failed to decode /home/david/Music/Big Big Train/The Likes Of Us/05 - Miramare .mp3; Failed to open '/home/david/Music/Big Big Train/The Likes Of Us/05 - Miramare .mp3': No such file or directory
Feb 04 19:57 : player: played "Big Big Train/The Likes Of Us/05 - Miramare .mp3"
Feb 04 19:58 : update: removing Big Big Train/Common Ground/05 Headwaters.mp3
Feb 04 19:58 : update: removing Big Big Train/Common Ground/04 Dandelion Clock.mp3
Feb 04 19:58 : update: removing Big Big Train/Common Ground/03 Black With Ink.mp3
Feb 04 19:58 : update: removing Big Big Train/Common Ground/02 All The Love We Can Give.mp3
Feb 04 19:58 : update: removing Big Big Train/Bard/1-11 A Long Fishing.m4a
Feb 04 19:58 : update: removing Big Big Train/Bard/1-10 Fox Winter.m4a
Feb 04 19:58 : update: removing Big Big Train/Bard/1-09 A Short Visit To Earth.m4a
Feb 04 19:58 : update: removing Big Big Train/Bard/1-08 How The Earth From This Place Has Power Over Fire.m4a
Feb 04 19:58 : update: removing Big Big Train/Bard/1-07 Love Is Her Thing.m4a
Feb 04 19:58 : update: removing Big Big Train/Bard/1-06 Malfosse.m4a
Feb 04 19:58 : update: removing Big Big Train/Bard/1-05 Blacksmithing.m4a
Feb 04 19:58 : update: removing Big Big Train/Bard/1-04 Harold Rex Interfectus Est.m4a
Feb 04 19:58 : update: removing Big Big Train/Bard/1-03 This Is Where We Came In.m4a
Feb 04 19:58 : update: removing Big Big Train/Bard/1-02 Broken English.m4a
Feb 04 19:58 : update: removing Big Big Train/Bard/1-01 The Last King.m4a
Feb 04 19:58 : update: removing Big Big Train/A Stone's Throw From The Line/2-07 Hedgerow.mp3
Feb 04 19:58 : update: removing Big Big Train/A Stone's Throw From The Line/2-06 East Coast Racer.mp3
Feb 04 19:58 : update: removing Big Big Train/A Stone's Throw From The Line/2-05 Curator Of Butterflies.mp3
Feb 04 19:58 : update: removing Big Big Train/A Stone's Throw From The Line/2-04 Judas Unrepentant.mp3
Feb 04 19:58 : update: removing Big Big Train/A Stone's Throw From The Line/2-03 Summonded By Bells.mp3
Feb 04 19:58 : update: removing Big Big Train/A Stone's Throw From The Line/2-02 Wassail.mp3
Feb 04 19:58 : update: removing Big Big Train/A Stone's Throw From The Line/2-01 Kingmaker.mp3
Feb 04 19:58 : update: removing Big Big Train/A Stone's Throw From The Line/1-05 Victorian Brickwork.mp3
Feb 04 19:58 : update: removing Big Big Train/A Stone's Throw From The Line/1-04 Uncle Jack.mp3
Feb 04 19:58 : update: removing Big Big Train/A Stone's Throw From The Line/1-03 The Underfall Yard.mp3
Feb 04 19:58 : update: removing Big Big Train/A Stone's Throw From The Line/1-02 The First Rebreather.mp3
Feb 04 19:58 : update: removing Big Big Train/A Stone's Throw From The Line/1-01 Make Some Noise.mp3
Feb 04 19:58 : update: removing Big Big Train/Welcome To The Planet/Welcome To The Planet.mp3
Feb 04 19:58 : update: removing Big Big Train/Welcome To The Planet/Oak and Stone.mp3
Feb 04 19:58 : update: removing Big Big Train/Welcome To The Planet/Bats In The Belfry.mp3
Feb 04 19:58 : update: removing Big Big Train/Welcome To The Planet/Proper Jack Froster.mp3
Feb 04 19:58 : update: removing Big Big Train/Welcome To The Planet/A Room With No Ceiling.mp3
Feb 04 19:58 : update: removing Big Big Train/Welcome To The Planet/Capitoline Venus.mp3
Feb 04 19:58 : update: removing Big Big Train/Welcome To The Planet/Lanterna.mp3
Feb 04 19:58 : update: removing Big Big Train/Welcome To The Planet/The Connection Plan.mp3
Feb 04 19:58 : update: removing Big Big Train/Welcome To The Planet/Made From Sunshine.mp3
Feb 04 19:58 : update: removing Big Big Train/Wassail/04 Master James of St George (Live At Real World).mp3
Feb 04 19:58 : update: removing Big Big Train/Wassail/03 Mudlarks.mp3
Feb 04 19:58 : update: removing Big Big Train/Wassail/02 Lost Rivers of London.mp3
Feb 04 19:58 : update: removing Big Big Train/Wassail/01 Wassail.mp3
Feb 04 19:58 : update: removing Big Big Train/The Underfall Yard (2021 edition)/2-10 Brew and Burgh.mp3
Feb 04 19:58 : update: removing Big Big Train/The Underfall Yard (2021 edition)/2-09 The Underfall Yard (2020 version).mp3
Feb 04 19:58 : update: removing Big Big Train/The Underfall Yard (2021 edition)/2-08 Prelude To The Underfall Yard.mp3
Feb 04 19:58 : update: removing Big Big Train/The Underfall Yard (2021 edition)/2-07 Songs From The Shoreline.mp3
Feb 04 19:58 : update: removing Big Big Train/The Underfall Yard (2021 edition)/1-06 The Underfall Yard.mp3
Feb 04 19:58 : update: removing Big Big Train/The Underfall Yard (2021 edition)/1-05 Winchester Diver.mp3
Feb 04 19:58 : update: removing Big Big Train/The Underfall Yard (2021 edition)/1-04 Last Train.mp3
Feb 04 19:58 : update: removing Big Big Train/The Underfall Yard (2021 edition)/1-03 Victorian Brickwork.mp3
Feb 04 19:58 : update: removing Big Big Train/The Underfall Yard (2021 edition)/1-02 Master James Of St George.mp3
Feb 04 19:58 : update: removing Big Big Train/The Underfall Yard (2021 edition)/1-01 Evening Star.mp3
Feb 04 19:58 : update: removing Big Big Train/The Underfall Yard/05 Winchester Diver.mp3
Feb 04 19:58 : update: removing Big Big Train/The Underfall Yard/04 Last Train.mp3
Feb 04 19:58 : update: removing Big Big Train/The Underfall Yard/03 Victorian Brickwork.mp3
Feb 04 19:58 : update: removing Big Big Train/The Underfall Yard/02 Master James of St George.mp3
Feb 04 19:58 : update: removing Big Big Train/The Underfall Yard/01 Evening Star.mp3
Feb 04 19:58 : update: removing Big Big Train/The Underfall Yard/06 The Underfall Yard.mp3
Feb 04 19:58 : update: removing Big Big Train/The Second Brightest Star/10 The Gentlemen's Reprise.mp3
Feb 04 19:58 : update: removing Big Big Train/The Second Brightest Star/09 London Plane sequence (i) Turner on the Thames (ii) London Plane.mp3
Feb 04 19:58 : update: removing Big Big Train/The Second Brightest Star/08 Brooklands sequence (i) On the Racing Line (ii) Brooklands.mp3
Feb 04 19:58 : update: removing Big Big Train/The Second Brightest Star/07 Terra Australis Incognita.mp3
Feb 04 19:58 : update: removing Big Big Train/The Second Brightest Star/06 The Leaden Stour.mp3
Feb 04 19:58 : update: removing Big Big Train/The Second Brightest Star/05 The Passing Widow.mp3
Feb 04 19:58 : update: removing Big Big Train/The Second Brightest Star/04 London Stone.mp3
Feb 04 19:58 : update: removing Big Big Train/The Second Brightest Star/03 Skylon.mp3
Feb 04 19:58 : update: removing Big Big Train/The Second Brightest Star/02 Haymaking.mp3
Feb 04 19:58 : update: removing Big Big Train/The Second Brightest Star/01 The Second Brightest Star.mp3
Feb 04 19:58 : update: removing Big Big Train/The Likes Of Us/08 - Last Eleven .mp3
Feb 04 19:58 : update: removing Big Big Train/The Likes Of Us/07 - Bookmarks .mp3
Feb 04 19:58 : update: removing Big Big Train/The Likes Of Us/06 - Love Is The Light .mp3
Feb 04 19:58 : update: removing Big Big Train/The Likes Of Us/05 - Miramare .mp3
Feb 04 19:58 : update: removing Big Big Train/The Likes Of Us/04 - Skates On .mp3
Feb 04 19:58 : update: removing Big Big Train/The Likes Of Us/03 - Beneath The Masts .mp3
Feb 04 19:58 : update: removing Big Big Train/The Likes Of Us/02 - Oblivion .mp3
Feb 04 19:58 : update: removing Big Big Train/The Likes Of Us/01 - Light Left In The Day .mp3
Feb 04 19:58 : update: removing Big Big Train/The Infant Hercules/07 Kingmaker.mp3
Feb 04 19:58 : update: removing Big Big Train/The Infant Hercules/06 Sky End Fall.mp3
Feb 04 19:58 : update: removing Big Big Train/The Infant Hercules/05 Red Five.mp3
Feb 04 19:58 : update: removing Big Big Train/The Infant Hercules/04 Show Of Strength.mp3
Feb 04 19:58 : update: removing Big Big Train/The Infant Hercules/03 Lincoln Green.mp3
Feb 04 19:58 : update: removing Big Big Train/The Infant Hercules/02 Dismounting Tigers.mp3
Feb 04 19:58 : update: removing Big Big Train/The Infant Hercules/01 Far Distant Thing.mp3
Feb 04 19:58 : update: removing Big Big Train/Summer's Lease/2-08 Brave Captain.mp3
Feb 04 19:58 : update: removing Big Big Train/Summer's Lease/2-07 Don't Forget The Telescope.mp3
Feb 04 19:58 : update: removing Big Big Train/Summer's Lease/2-06 The Transit Of Venus Across The Sun.mp3
Feb 04 19:58 : update: removing Big Big Train/Summer's Lease/2-05 Swan Hinter.mp3
Feb 04 19:58 : update: removing Big Big Train/Summer's Lease/2-04 Curator Of Butterflies.mp3
Feb 04 19:58 : update: removing Big Big Train/Summer's Lease/2-03 East Coast Racer.mp3
Feb 04 19:58 : update: removing Big Big Train/Summer's Lease/2-02 Judas Unrepentant.mp3
Feb 04 19:58 : update: removing Big Big Train/Summer's Lease/2-01 Victorian Brickwork.mp3
Feb 04 19:58 : update: removing Big Big Train/Summer's Lease/1-06 London Song.mp3
Feb 04 19:58 : update: removing Big Big Train/Summer's Lease/1-05 Master James Of St. George.mp3
Feb 04 19:58 : update: removing Big Big Train/Summer's Lease/1-04 Summer's Lease.mp3
Feb 04 19:58 : update: removing Big Big Train/Summer's Lease/1-03 Wind Distorted Pioneers.mp3
Feb 04 19:58 : update: removing Big Big Train/Summer's Lease/1-02 Kingmaker.mp3
Feb 04 19:58 : update: removing Big Big Train/Summer's Lease/1-01 Expecting Snow.mp3
Feb 04 19:58 : update: removing Big Big Train/Stone & Steel/13 East Coast Racer (live at Kings Place).mp3
Feb 04 19:58 : update: removing Big Big Train/Stone & Steel/12 Victorian Brickwork (live at Kings Place).mp3
Feb 04 19:58 : update: removing Big Big Train/Stone & Steel/11 Curator Of Butterflies (live at Kings Place).mp3
Feb 04 19:58 : update: removing Big Big Train/Stone & Steel/10 Wassail (live at Kings Place).mp3
Feb 04 19:58 : update: removing Big Big Train/Stone & Steel/09 Victorian Brickwork.mp3
Feb 04 19:58 : update: removing Big Big Train/Stone & Steel/08 The Underfall Yard.mp3
Feb 04 19:58 : update: removing Big Big Train/Stone & Steel/07 Kingmaker.mp3
Feb 04 19:58 : update: removing Big Big Train/Stone & Steel/06 Summoned By Bells.mp3
Feb 04 19:58 : update: removing Big Big Train/Stone & Steel/05 Wind Distorted Pioneers.mp3
Feb 04 19:58 : update: removing Big Big Train/Stone & Steel/04 Uncle Jack.mp3
Feb 04 19:58 : update: removing Big Big Train/Stone & Steel/03 Judas Unrepentant.mp3
Feb 04 19:58 : update: removing Big Big Train/Stone & Steel/02 Master James of St George.mp3
Feb 04 19:58 : update: removing Big Big Train/Stone & Steel/01 The First Rebreather.mp3
Feb 04 19:58 : update: removing Big Big Train/Merchants of Light/16 Wassail.mp3
Feb 04 19:58 : update: removing Big Big Train/Merchants of Light/15 Drums and Brass.mp3
Feb 04 19:58 : update: removing Big Big Train/Merchants of Light/14 Victorian Brickwork.mp3
Feb 04 19:58 : update: removing Big Big Train/Merchants of Light/13 Telling the Bees.mp3
Feb 04 19:58 : update: removing Big Big Train/Merchants of Light/12 East Coast Racer.mp3
Feb 04 19:58 : update: removing Big Big Train/Merchants of Light/11 The Transit of Venus Across the Sun.mp3
Feb 04 19:58 : update: removing Big Big Train/Merchants of Light/10 Judas Unrepentant.mp3
Feb 04 19:58 : update: removing Big Big Train/Merchants of Light/09 Swan Hunter.mp3
Feb 04 19:58 : update: removing Big Big Train/Merchants of Light/08 Experimental Gentlemen Part Two.mp3
Feb 04 19:58 : update: removing Big Big Train/Merchants of Light/07 A Mead Hall in Winter.mp3
Feb 04 19:58 : update: removing Big Big Train/Merchants of Light/06 Meadowland.mp3
Feb 04 19:58 : update: removing Big Big Train/Merchants of Light/05 London Plane.mp3
Feb 04 19:58 : update: removing Big Big Train/Merchants of Light/04 Last Train.mp3
Feb 04 19:58 : update: removing Big Big Train/Merchants of Light/03 Brave Captain.mp3
Feb 04 19:58 : update: removing Big Big Train/Merchants of Light/02 Folklore.mp3
Feb 04 19:58 : update: removing Big Big Train/Merchants of Light/01 Folklore Overture.mp3
Feb 04 19:58 : update: removing Big Big Train/Grimspound (hi resolution audio)/08 As the Crow Flies.mp3
Feb 04 19:58 : update: removing Big Big Train/Grimspound (hi resolution audio)/07 A Mead Hall in Winter.mp3
Feb 04 19:58 : update: removing Big Big Train/Grimspound (hi resolution audio)/06 The Ivy Gate.mp3
Feb 04 19:58 : update: removing Big Big Train/Grimspound (hi resolution audio)/05 Grimspound.mp3
Feb 04 19:58 : update: removing Big Big Train/Grimspound (hi resolution audio)/04 Meadowland.mp3
Feb 04 19:58 : update: removing Big Big Train/Grimspound (hi resolution audio)/03 Experimental Gentlemen.mp3
Feb 04 19:58 : update: removing Big Big Train/Grimspound (hi resolution audio)/02 On the Racing Line.mp3
Feb 04 19:58 : update: removing Big Big Train/Grimspound (hi resolution audio)/01 Brave Captain.mp3
Feb 04 19:58 : update: removing Big Big Train/Grimspound/08 As the Crow Flies.mp3
Feb 04 19:58 : update: removing Big Big Train/Grimspound/07 A Mead Hall in Winter.mp3
Feb 04 19:58 : update: removing Big Big Train/Grimspound/06 The Ivy Gate.mp3
Feb 04 19:58 : update: removing Big Big Train/Grimspound/05 Grimspound.mp3
Feb 04 19:58 : update: removing Big Big Train/Grimspound/04 Meadowland.mp3
Feb 04 19:58 : update: removing Big Big Train/Grimspound/03 Experimental Gentlemen.mp3
Feb 04 19:58 : update: removing Big Big Train/Grimspound/02 On the Racing Line.mp3
Feb 04 19:58 : update: removing Big Big Train/Grimspound/01 Brave Captain.mp3
Feb 04 19:58 : update: removing Big Big Train/Grand Tour/09 Homesong.mp3
Feb 04 19:58 : update: removing Big Big Train/Grand Tour/08 Voyager.mp3
Feb 04 19:58 : update: removing Big Big Train/Grand Tour/07 Ariel.mp3
Feb 04 19:58 : update: removing Big Big Train/Grand Tour/06 Theodora in Green and Gold.mp3
Feb 04 19:58 : update: removing Big Big Train/Grand Tour/05 Pantheon.mp3
Feb 04 19:58 : update: removing Big Big Train/Grand Tour/04 Roman Stone.mp3
Feb 04 19:58 : update: removing Big Big Train/Grand Tour/03 The Florentine.mp3
Feb 04 19:58 : update: removing Big Big Train/Grand Tour/02 Alive.mp3
Feb 04 19:58 : update: removing Big Big Train/Grand Tour/01 Novum Organum.mp3
Feb 04 19:58 : update: removing Big Big Train/Goodbye To The Age Of Steam (2011 remaster)/12 Losing Your Way (extended).mp3
Feb 04 19:58 : update: removing Big Big Train/Goodbye To The Age Of Steam (2011 remaster)/11 Expecting Dragons.mp3
Feb 04 19:58 : update: removing Big Big Train/Goodbye To The Age Of Steam (2011 remaster)/10 Far Distant Thing.mp3
Feb 04 19:58 : update: removing Big Big Train/Goodbye To The Age Of Steam (2011 remaster)/09 Losing Your Way.mp3
Feb 04 19:58 : update: removing Big Big Train/Goodbye To The Age Of Steam (2011 remaster)/08 Blue Silver Red.mp3
Feb 04 19:58 : update: removing Big Big Train/Goodbye To The Age Of Steam (2011 remaster)/07 Expecting Snow.mp3
Feb 04 19:58 : update: removing Big Big Train/Goodbye To The Age Of Steam (2011 remaster)/06 Blow The House Down.mp3
Feb 04 19:58 : update: removing Big Big Train/Goodbye To The Age Of Steam (2011 remaster)/05 Dragon Bone Hill.mp3
Feb 04 19:58 : update: removing Big Big Train/Goodbye To The Age Of Steam (2011 remaster)/04 Landfall.mp3
Feb 04 19:58 : update: removing Big Big Train/Goodbye To The Age Of Steam (2011 remaster)/03 Edge Of The Known World.mp3
Feb 04 19:58 : update: removing Big Big Train/Goodbye To The Age Of Steam (2011 remaster)/02 Head Hit The Pillow.mp3
Feb 04 19:58 : update: removing Big Big Train/Goodbye To The Age Of Steam (2011 remaster)/01 Wind Distorted Pioneers.mp3
Feb 04 19:58 : update: removing Big Big Train/Goodbye To The Age Of Steam/09 Losing Your Way.mp3
Feb 04 19:58 : update: removing Big Big Train/Goodbye To The Age Of Steam/08 Blue Silver Red.mp3
Feb 04 19:58 : update: removing Big Big Train/Goodbye To The Age Of Steam/07 Expecting Snow.mp3
Feb 04 19:58 : update: removing Big Big Train/Goodbye To The Age Of Steam/06 Blow The House Down.mp3
Feb 04 19:58 : update: removing Big Big Train/Goodbye To The Age Of Steam/05 Dragon Bone Hill.mp3
Feb 04 19:58 : update: removing Big Big Train/Goodbye To The Age Of Steam/04 Landfall.mp3
Feb 04 19:58 : update: removing Big Big Train/Goodbye To The Age Of Steam/03 Edge Of The Known World.mp3
Feb 04 19:58 : update: removing Big Big Train/Goodbye To The Age Of Steam/02 Head Hit The Pillow.mp3
Feb 04 19:58 : update: removing Big Big Train/Goodbye To The Age Of Steam/01 Wind Distorted Pioneers.mp3
Feb 04 19:58 : update: removing Big Big Train/Gathering Speed/1-07 Gathering Speed.m4a
Feb 04 19:58 : update: removing Big Big Train/Gathering Speed/1-06 Powder Monkey.m4a
Feb 04 19:58 : update: removing Big Big Train/Gathering Speed/1-05 Pell Mell.m4a
Feb 04 19:58 : update: removing Big Big Train/Gathering Speed/1-04 Sky Flying On Fire.m4a
Feb 04 19:58 : update: removing Big Big Train/Gathering Speed/1-03 The Road Much Further On.m4a
Feb 04 19:58 : update: removing Big Big Train/Gathering Speed/1-02 Fighter Command.m4a
Feb 04 19:58 : update: removing Big Big Train/Gathering Speed/1-01 High Tide, Last Stand.m4a
Feb 04 19:58 : update: removing Big Big Train/From the River To The Sea/12 Least Peculiar Thing.mp3
Feb 04 19:58 : update: removing Big Big Train/From the River To The Sea/11 Along Came Sarah.mp3
Feb 04 19:58 : update: removing Big Big Train/From the River To The Sea/10 Downhilling.mp3
Feb 04 19:58 : update: removing Big Big Train/From the River To The Sea/09 Less Is More.mp3
Feb 04 19:58 : update: removing Big Big Train/From the River To The Sea/08 Stolen Glances.mp3
Feb 04 19:58 : update: removing Big Big Train/From the River To The Sea/07 The Friend Inside.mp3
Feb 04 19:58 : update: removing Big Big Train/From the River To The Sea/06 River.mp3
Feb 04 19:58 : update: removing Big Big Train/From the River To The Sea/05 Indian Souls.mp3
Feb 04 19:58 : update: removing Big Big Train/From the River To The Sea/04 Full Head Of Steam.mp3
Feb 04 19:58 : update: removing Big Big Train/From the River To The Sea/03 Jas.mp3
Feb 04 19:58 : update: removing Big Big Train/From the River To The Sea/02 Returning To The Fold.mp3
Feb 04 19:58 : update: removing Big Big Train/From the River To The Sea/01 To The Sea.mp3
Feb 04 19:58 : update: removing Big Big Train/Folklore/09 Telling The Bees.mp3
Feb 04 19:58 : update: removing Big Big Train/Folklore/08 Brooklands.mp3
Feb 04 19:58 : update: removing Big Big Train/Folklore/07 Winkie.mp3
Feb 04 19:58 : update: removing Big Big Train/Folklore/06 Wassail.mp3
Feb 04 19:58 : update: removing Big Big Train/Folklore/05 The Transit Of Venus Across The Sun.mp3
Feb 04 19:58 : update: removing Big Big Train/Folklore/04 Salisbury Giant.mp3
Feb 04 19:58 : update: removing Big Big Train/Folklore/03 Along The Ridgeway.mp3
Feb 04 19:58 : update: removing Big Big Train/Folklore/02 London Plane.mp3
Feb 04 19:58 : update: removing Big Big Train/Folklore/01 Folklore.mp3
Feb 04 19:58 : update: removing Big Big Train/Far Skies, Deep Time/05 The Wide Open Sea.mp3
Feb 04 19:58 : update: removing Big Big Train/Far Skies, Deep Time/04 Brambling.mp3
Feb 04 19:58 : update: removing Big Big Train/Far Skies, Deep Time/03 British Racing Green.mp3
Feb 04 19:58 : update: removing Big Big Train/Far Skies, Deep Time/02 Fat Billy Shouts Mine.mp3
Feb 04 19:58 : update: removing Big Big Train/Far Skies, Deep Time/01 Master Of Time.mp3
Feb 04 19:58 : update: removing Big Big Train/Far Skies Deep Time (2018 remaster)/06 Master Of Time.mp3
Feb 04 19:58 : update: removing Big Big Train/Far Skies Deep Time (2018 remaster)/05 The Wide Open Sea.mp3
Feb 04 19:58 : update: removing Big Big Train/Far Skies Deep Time (2018 remaster)/04 Brambling.mp3
Feb 04 19:58 : update: removing Big Big Train/Far Skies Deep Time (2018 remaster)/03 British Racing Green.mp3
Feb 04 19:58 : update: removing Big Big Train/Far Skies Deep Time (2018 remaster)/02 Fat Billy Shouts Mine.mp3
Feb 04 19:58 : update: removing Big Big Train/Far Skies Deep Time (2018 remaster)/01 Kingmaker.mp3
Feb 04 19:58 : update: removing Big Big Train/English Electric_ Full Power/2-09 Curator Of Butterflies.mp3
Feb 04 19:58 : update: removing Big Big Train/English Electric_ Full Power/2-08 East Coast Racer.mp3
Feb 04 19:58 : update: removing Big Big Train/English Electric_ Full Power/2-07 The Permanent Way.mp3
Feb 04 19:58 : update: removing Big Big Train/English Electric_ Full Power/2-06 Keeper Of Abbeys.mp3
Feb 04 19:58 : update: removing Big Big Train/English Electric_ Full Power/2-05 Leopards.mp3
Feb 04 19:58 : update: removing Big Big Train/English Electric_ Full Power/2-04 The Lovers.mp3
Feb 04 19:58 : update: removing Big Big Train/English Electric_ Full Power/2-03 Winchester From St Giles' Hill.mp3
Feb 04 19:58 : update: removing Big Big Train/English Electric_ Full Power/2-02 Worked Out.mp3
Feb 04 19:58 : update: removing Big Big Train/English Electric_ Full Power/2-01 Judas Unrepentant.mp3
Feb 04 19:58 : update: removing Big Big Train/English Electric_ Full Power/1-10 Hedgerow.mp3
Feb 04 19:58 : update: removing Big Big Train/English Electric_ Full Power/1-09 A Boy In Darkness.mp3
Feb 04 19:58 : update: removing Big Big Train/English Electric_ Full Power/1-08 Upton Heath.mp3
Feb 04 19:58 : update: removing Big Big Train/English Electric_ Full Power/1-07 Summoned By Bells.mp3
Feb 04 19:58 : update: removing Big Big Train/English Electric_ Full Power/1-06 Edgelands.mp3
Feb 04 19:58 : update: removing Big Big Train/English Electric_ Full Power/1-05 Seen Better Days.mp3
Feb 04 19:58 : update: removing Big Big Train/English Electric_ Full Power/1-04 Swan Hunter.mp3
Feb 04 19:58 : update: removing Big Big Train/English Electric_ Full Power/1-03 Uncle Jack.mp3
Feb 04 19:58 : update: removing Big Big Train/English Electric_ Full Power/1-02 The First Rebreather.mp3
Feb 04 19:58 : update: removing Big Big Train/English Electric_ Full Power/1-01 Make Some Noise.mp3
Feb 04 19:58 : update: removing Big Big Train/English Electric Part Two/07 Curator Of Butterflies.mp3
Feb 04 19:58 : update: removing Big Big Train/English Electric Part Two/06 The Permanent Way.mp3
Feb 04 19:58 : update: removing Big Big Train/English Electric Part Two/05 Keeper Of Abbeys.mp3
Feb 04 19:58 : update: removing Big Big Train/English Electric Part Two/04 Leopards.mp3
Feb 04 19:58 : update: removing Big Big Train/English Electric Part Two/03 Worked Out.mp3
Feb 04 19:58 : update: removing Big Big Train/English Electric Part Two/02 Swan Hunter.mp3
Feb 04 19:58 : update: removing Big Big Train/English Electric Part Two/01 East Coast Racer.mp3
Feb 04 19:58 : update: removing Big Big Train/English Electric Part 2/02 Curator of Butterflies.mp3
Feb 04 19:58 : update: removing Big Big Train/English Electric Part 2/01 Keeper of Abbeys.mp3
Feb 04 19:58 : update: removing Big Big Train/English Electric Part 1/08 Hedgerow.mp3
Feb 04 19:58 : update: removing Big Big Train/English Electric Part 1/07 A Boy In Darkness.mp3
Feb 04 19:58 : update: removing Big Big Train/English Electric Part 1/06 Upton Heath.mp3
Feb 04 19:58 : update: removing Big Big Train/English Electric Part 1/05 Summoned By Bells.mp3
Feb 04 19:58 : update: removing Big Big Train/English Electric Part 1/04 Judas Unrepentant.mp3
Feb 04 19:58 : update: removing Big Big Train/English Electric Part 1/03 Winchester From St. Giles Hill.mp3
Feb 04 19:58 : update: removing Big Big Train/English Electric Part 1/02 Uncle Jack.mp3
Feb 04 19:58 : update: removing Big Big Train/English Electric Part 1/01 The First Rebreather.mp3
Feb 04 19:58 : update: removing Big Big Train/English Boy Wonders (original version)/13 Fell Asleep.mp3
Feb 04 19:58 : update: removing Big Big Train/English Boy Wonders (original version)/12 Reaching For John Dowland.mp3
Feb 04 19:58 : update: removing Big Big Train/English Boy Wonders (original version)/11 Mr Boxgroveman.mp3
Feb 04 19:58 : update: removing Big Big Train/English Boy Wonders (original version)/10 The Shipping Forecast.mp3
Feb 04 19:58 : update: removing Big Big Train/English Boy Wonders (original version)/09 Right to the end of the World Tra-la.mp3
Feb 04 19:58 : update: removing Big Big Train/English Boy Wonders (original version)/08 Albion Perfide.mp3
Feb 04 19:58 : update: removing Big Big Train/English Boy Wonders (original version)/07 Cloudless and Starry and Still.mp3
Feb 04 19:58 : update: removing Big Big Train/English Boy Wonders (original version)/06 Out of It.mp3
Feb 04 19:58 : update: removing Big Big Train/English Boy Wonders (original version)/05 Pretty Mom.mp3
Feb 04 19:58 : update: removing Big Big Train/English Boy Wonders (original version)/04 28 years.mp3
Feb 04 19:58 : update: removing Big Big Train/English Boy Wonders (original version)/03 A Giddy Thing.mp3
Feb 04 19:58 : update: removing Big Big Train/English Boy Wonders (original version)/02 Brushed Aside.mp3
Feb 04 19:58 : update: removing Big Big Train/English Boy Wonders (original version)/01 Big Empty Skies.mp3
Feb 04 19:58 : update: removing Big Big Train/English Boy Wonders/1-14 Fell Asleep.m4a
Feb 04 19:58 : update: removing Big Big Train/English Boy Wonders/1-13 Right To The End Of The World Tra-La.m4a
Feb 04 19:58 : update: removing Big Big Train/English Boy Wonders/1-12 The Shipping Forecast.m4a
Feb 04 19:58 : update: removing Big Big Train/English Boy Wonders/1-11 Mr Boxgroveman.m4a
Feb 04 19:58 : update: removing Big Big Train/English Boy Wonders/1-10 Reaching For John Dowland.m4a
Feb 04 19:58 : update: removing Big Big Train/English Boy Wonders/1-09 28 Years.m4a
Feb 04 19:58 : update: removing Big Big Train/English Boy Wonders/1-08 Two Poets Meet (instrumental) (bonus track).m4a
Feb 04 19:58 : update: removing Big Big Train/English Boy Wonders/1-07 Cloudless And Starry And Still.m4a
Feb 04 19:58 : update: removing Big Big Train/English Boy Wonders/1-06 Out Of It.m4a
Feb 04 19:58 : update: removing Big Big Train/English Boy Wonders/1-05 A Giddy Thing.m4a
Feb 04 19:58 : update: removing Big Big Train/English Boy Wonders/1-04 Pretty Mom.m4a
Feb 04 19:58 : update: removing Big Big Train/English Boy Wonders/1-03 Albion Perfide.m4a
Feb 04 19:58 : update: removing Big Big Train/English Boy Wonders/1-02 Brushed Aside.m4a
Feb 04 19:58 : update: removing Big Big Train/English Boy Wonders/1-01 Big Empty Skies.m4a
Feb 04 19:58 : update: removing Big Big Train/Common Ground/09 Endnotes.mp3
Feb 04 19:58 : update: removing Big Big Train/Common Ground/08 Atlantic Cable.mp3
Feb 04 19:58 : update: removing Big Big Train/Common Ground/07 Common Ground.mp3
Feb 04 19:58 : update: removing Big Big Train/Common Ground/06 Apollo.mp3
Feb 04 19:58 : update: added Regal Worm/Pig Views/Regal Worm - Pig Views - 01 Rose, Rubus, Smilax, Vulkan.mp3
Feb 04 19:58 : update: added Regal Worm/Pig Views/Regal Worm - Pig Views - 02 Revealed As A True Future Tyrant.mp3
Feb 04 19:58 : update: added Regal Worm/Pig Views/Regal Worm - Pig Views - 03 Pre-Colombian Worry Song.mp3
Feb 04 19:58 : update: added Regal Worm/Pig Views/Regal Worm - Pig Views - 04 Rose Parkington, They Would Not Let You Leave.mp3
Feb 04 19:58 : update: added Regal Worm/Pig Views/Regal Worm - Pig Views - 05 Jag Vet.mp3
Feb 04 19:58 : update: added Regal Worm/Pig Views/Regal Worm - Pig Views - 06 The Dreaded Lurg.mp3
Feb 04 19:58 : update: added Regal Worm/Pig Views/Regal Worm - Pig Views - 07 Crystallisation.mp3
Feb 04 19:58 : update: added Regal Worm/Pig Views/Regal Worm - Pig Views - 08 Huge Machine, You Are So Heavy.mp3
Feb 04 19:58 : update: added Regal Worm/Pig Views/Regal Worm - Pig Views - 09 Butterfly.mp3
Feb 04 19:58 : exception: Failed to open /home/david/.mpd/playlists: No such file or directory
Feb 04 20:01 : player: played "Regal Worm/Pig Views/Regal Worm - Pig Views - 01 Rose, Rubus, Smilax, Vulkan.mp3"
Feb 04 20:38 : exception: Failed to open /home/david/.mpd/playlists: No such file or directory
Feb 04 20:40 : player: played "Regal Worm/Pig Views/Regal Worm - Pig Views - 01 Rose, Rubus, Smilax, Vulkan.mp3"
Feb 04 20:40 : player: played "Regal Worm/Pig Views/Regal Worm - Pig Views - 01 Rose, Rubus, Smilax, Vulkan.mp3"
Feb 04 20:40 : player: played "Regal Worm/Pig Views/Regal Worm - Pig Views - 01 Rose, Rubus, Smilax, Vulkan.mp3"
Feb 04 20:41 : player: played "Regal Worm/Pig Views/Regal Worm - Pig Views - 01 Rose, Rubus, Smilax, Vulkan.mp3"
Feb 04 20:46 : player: played "Regal Worm/Pig Views/Regal Worm - Pig Views - 02 Revealed As A True Future Tyrant.mp3"
Feb 04 20:52 : player: played "Regal Worm/Pig Views/Regal Worm - Pig Views - 03 Pre-Colombian Worry Song.mp3"
Feb 04 20:59 : player: played "Regal Worm/Pig Views/Regal Worm - Pig Views - 04 Rose Parkington, They Would Not Let You Leave.mp3"
Feb 04 21:00 : player: played "Regal Worm/Pig Views/Regal Worm - Pig Views - 05 Jag Vet.mp3"
Feb 04 21:08 : player: played "Regal Worm/Pig Views/Regal Worm - Pig Views - 07 Crystallisation.mp3"
Feb 05 17:17 : output: Failed to play on "pulse audio" (pulse): failed to connect the stream: Input/Output error
